~~~ Search Results ~~~


 1: Matthew 1:20 - But while he thought on these things, behold, the angel of the LORD appeared unto him in a dream, saying, Joseph, you son of David, fear not to take unto you Mary your wife: for that which is conceived in her is of the Holy Spirit.

 2: Matthew 1:22 - Now all this was done, that it might be fulfilled which was spoken of the Lord by the prophet, saying,

 3: Matthew 1:24 - Then Joseph being raised from sleep did as the angel of the Lord had bidden him, and took unto him his wife:

 4: Matthew 2:13 - And when they were departed, behold, the angel of the Lord appears to Joseph in a dream, saying, Arise, and take the young child and his mother, and flee into Egypt, and be you there until I bring you word: for Herod will seek the young child to destroy him.

 5: Matthew 2:15 - And was there until the death of Herod: that it might be fulfilled which was spoken of the Lord by the prophet, saying, Out of Egypt have I called my son.

 6: Matthew 2:19 - But when Herod was dead, behold, an angel of the Lord appears in a dream to Joseph in Egypt,

 7: Matthew 3:3 - For this is he that was spoken of by the prophet Isaiah, saying, The voice of one crying in the wilderness, Prepare all of you the way of the Lord, make his paths straight.

 8: Matthew 4:7 - Jesus said unto him, It is written again, You shall not tempt the Lord your God.

 9: Matthew 4:10 - Then says Jesus unto him, Get you behind, Satan: for it is written, You shall worship the Lord your God, and him only shall you serve.

 10: Matthew 5:33 - Again, all of you have heard that it has been said by them of old time, You shall not renounce swearing yourself, but shall perform unto the Lord yours oaths:

 11: Matthew 7:21 - Not every one that says unto me, Lord, Lord, shall enter into the kingdom of heaven; but he that does the will of my Father which is in heaven.

 12: Matthew 7:22 - Many will say to me in that day, Lord, Lord, have we not prophesied in your name? and in your name have cast out devils? and in your name done many wonderful works?

 13: Matthew 8:2 - And, behold, there came a leper and worshipped him, saying, Lord, if you will, you can make me clean.

 14: Matthew 8:6 - And saying, Lord, my servant lies at home sick of the palsy, grievously tormented.

 15: Matthew 8:8 - The centurion answered and said, Lord, I am not worthy that you should come under my roof: but speak the word only, and my servant shall be healed.

 16: Matthew 8:21 - And another of his disciples said unto him, Lord, suffer me first to go and bury my father.

 17: Matthew 8:25 - And his disciples came to him, and awoke him, saying, Lord, save us: we perish.

 18: Matthew 9:28 - And when he was come into the house, the blind men came to him: and Jesus says unto them, Believe all of you that I am able to do this? They said unto him, Yea, Lord.

 19: Matthew 9:38 - Pray all of you therefore the Lord of the harvest, that he will send forth labourers into his harvest.

 20: Matthew 10:24 - The disciple is not above his master, nor the servant above his lord.

 21: Matthew 10:25 - It is enough for the disciple that he be as his master, and the servant as his lord. If they have called the master of the house Beelzebub, how much more shall they call them of his household?

 22: Matthew 11:25 - At that time Jesus answered and said, I thank you, O Father, Lord of heaven and earth, because you have hid these things from the wise and prudent, and have revealed them unto babes.

 23: Matthew 12:8 - For the Son of man is Lord even of the sabbath day.

 24: Matthew 13:51 - Jesus says unto them, Have all of you understood all these things? They say unto him, Yea, Lord.

 25: Matthew 14:28 - And Peter answered him and said, Lord, if it be you, bid me come unto you on the water.

 26: Matthew 14:30 - But when he saw the wind boisterous, he was afraid; and beginning to sink, he cried, saying, Lord, save me.

 27: Matthew 15:22 - And, behold, a woman of Canaan came out of the same coasts, and cried unto him, saying, Have mercy on me, O Lord, you son of David; my daughter is grievously vexed with a devil.

 28: Matthew 15:25 - Then came she and worshipped him, saying, Lord, help me.

 29: Matthew 15:27 - And she said, Truth, Lord: yet the dogs eat of the crumbs which fall from their masters' table.

 30: Matthew 16:22 - Then Peter took him, and began to rebuke him, saying, Be it far from you, Lord: this shall not be unto you.

 31: Matthew 17:4 - Then answered Peter, and said unto Jesus, Lord, it is good for us to be here: if you will, let us make here three tabernacles; one for you, and one for Moses, and one for Elijah.

 32: Matthew 17:15 - Lord, have mercy on my son: for he is lunatic, and sore vexed: for frequently he falls into the fire, and often into the water.

 33: Matthew 18:21 - Then came Peter to him, and said, Lord, how often shall my brother sin against me, and I forgive him? till seven times?

 34: Matthew 18:25 - But forasmuch as he had not to pay, his lord commanded him to be sold, and his wife, and children, and all that he had, and payment to be made.

 35: Matthew 18:26 - The servant therefore fell down, and worshipped him, saying, Lord, have patience with me, and I will pay you all.

 36: Matthew 18:27 - Then the lord of that servant was moved with compassion, and loosed him, and forgave him the debt.

 37: Matthew 18:31 - So when his fellow servants saw what was done, they were very sorry, and came and told unto their lord all that was done.

 38: Matthew 18:32 - Then his lord, after that he had called him, said unto him, O you wicked servant, I forgave you all that debt, because you desired me:

 39: Matthew 18:34 - And his lord was angry, and delivered him to the tormentors, till he should pay all that was due unto him.

 40: Matthew 20:8 - So when even was come, the lord of the vineyard says unto his steward, Call the labourers, and give them their hire, beginning from the last unto the first.

 41: Matthew 20:30 - And, behold, two blind men sitting by the way side, when they heard that Jesus passed by, cried out, saying, Have mercy on us, O Lord, you son of David.

 42: Matthew 20:31 - And the multitude rebuked them, because they should hold their peace: but they cried the more, saying, Have mercy on us, O Lord, you son of David.

 43: Matthew 20:33 - They say unto him, Lord, that our eyes may be opened.

 44: Matthew 21:3 - And if any man say ought unto you, all of you shall say, The Lord has need of them; and immediately he will send them.

 45: Matthew 21:9 - And the multitudes that went before, and that followed, cried, saying, Hosanna to the son of David: Blessed is he that comes in the name of the Lord; Hosanna in the highest.

 46: Matthew 21:40 - When the lord therefore of the vineyard comes, what will he do unto those husbandmen?

 47: Matthew 21:42 - Jesus says unto them, Did all of you never read in the scriptures, The stone which the builders rejected, the same is become the head of the corner: this is the Lord's doing, and it is marvellous in our eyes?

 48: Matthew 22:37 - Jesus said unto him, You shall love the Lord your God with all your heart, and with all your soul, and with all your mind.

 49: Matthew 22:43 - He says unto them, How then does David in spirit call him Lord, saying,

 50: Matthew 22:44 - The LORD said unto my Lord, Sit you on my right hand, till I make yours enemies your footstool?

 51: Matthew 22:45 - If David then call him Lord, how is he his son?

 52: Matthew 23:39 - For I say unto you, All of you shall not see me henceforth, till all of you shall say, Blessed is he that comes in the name of the Lord.

 53: Matthew 24:42 - Watch therefore: for all of you know not what hour your Lord does come.

 54: Matthew 24:45 - Who then is a faithful and wise servant, whom his lord has made ruler over his household, to give them food in due season?

 55: Matthew 24:46 - Blessed is that servant, whom his lord when he comes shall find so doing.

 56: Matthew 24:48 - But and if that evil servant shall say in his heart, My lord delays his coming;

 57: Matthew 24:50 - The lord of that servant shall come in a day when he looks not for him, and in an hour that he is not aware of,

 58: Matthew 25:11 - Afterward came also the other virgins, saying, Lord, Lord, open to us.

 59: Matthew 25:18 - But he that had received one went and dug in the earth, and hid his lord's money.

 60: Matthew 25:19 - After a long time the lord of those servants comes, and reckons with them.

 61: Matthew 25:20 - And so he that had received five talents came and brought other five talents, saying, Lord, you delivered unto me five talents: behold, I have gained beside them five talents more.

 62: Matthew 25:21 - His lord said unto him, Well done, you good and faithful servant: you have been faithful over a few things, I will make you ruler over many things: enter you into the joy of your lord.

 63: Matthew 25:22 - He also that had received two talents came and said, Lord, you delivered unto me two talents: behold, I have gained two other talents beside them.

 64: Matthew 25:23 - His lord said unto him, Well done, good and faithful servant; you have been faithful over a few things, I will make you ruler over many things: enter you into the joy of your lord.

 65: Matthew 25:24 - Then he which had received the one talent came and said, Lord, I knew you that you are an hard man, reaping where you have not sown, and gathering where you have not scattered:

 66: Matthew 25:26 - His lord answered and said unto him, You wicked and slothful servant, you knew that I reap where I sowed not, and gather where I have not scattered:

 67: Matthew 25:37 - Then shall the righteous answer him, saying, Lord, when saw we you an hungered, and fed you? or thirsty, and gave you drink?

 68: Matthew 25:44 - Then shall they also answer him, saying, Lord, when saw we you an hungered, or thirsty, or a stranger, or naked, or sick, or in prison, and did not minister unto you?

 69: Matthew 26:22 - And they were exceeding sorrowful, and began every one of them to say unto him, Lord, is it I?

 70: Matthew 27:10 - And gave them for the potter's field, as the Lord appointed me.

 71: Matthew 28:2 - And, behold, there was a great earthquake: for the angel of the Lord descended from heaven, and came and rolled back the stone from the door, and sat upon it.

 72: Matthew 28:6 - He is not here: for he has risen, as he said. Come, see the place where the Lord lay.

 73: Mark 1:3 - The voice of one crying in the wilderness, Prepare all of you the way of the Lord, make his paths straight.

 74: Mark 2:28 - Therefore the Son of man is Lord also of the sabbath.

 75: Mark 5:19 - Nevertheless Jesus suffered him not, but says unto him, Go home to your friends, and tell them how great things the Lord has done for you, and has had compassion on you.

 76: Mark 6:21 - And when a convenient day was come, that Herod on his birthday made a supper to his lords, high captains, and chief estates of Galilee;

 77: Mark 7:28 - And she answered and said unto him, Yes, Lord: yet the dogs under the table eat of the children's crumbs.

 78: Mark 9:24 - And immediately the father of the child cried out, and said with tears, Lord, I believe; help you mine unbelief.

 79: Mark 10:42 - But Jesus called them to him, and says unto them, All of you know that they which are accounted to rule over the Gentiles exercise lordship over them; and their great ones exercise authority upon them.

 80: Mark 10:51 - And Jesus answered and said unto him, What will you that I should do unto you? The blind man said unto him, Lord, that I might receive my sight.

 81: Mark 11:3 - And if any man say unto you, Why do all of you this? say all of you that the Lord has need of him; and immediately he will send him here.

 82: Mark 11:9 - And they that went before, and they that followed, cried, saying, Hosanna; Blessed is he that comes in the name of the Lord:

 83: Mark 11:10 - Blessed be the kingdom of our father David, that comes in the name of the Lord: Hosanna in the highest.

 84: Mark 12:9 - What shall therefore the lord of the vineyard do? he will come and destroy the husbandmen, and will give the vineyard unto others.

 85: Mark 12:11 - This was the Lord's doing, and it is marvellous in our eyes?

 86: Mark 12:29 - And Jesus answered him, The first of all the commandments is, Hear, O Israel; The Lord our God is one Lord:

 87: Mark 12:30 - And you shall love the Lord your God with all your heart, and with all your soul, and with all your mind, and with all your strength: this is the first commandment.

 88: Mark 12:36 - For David himself said by the Holy Spirit, The LORD said to my Lord, Sit you on my right hand, till I make yours enemies your footstool.

 89: Mark 12:37 - David therefore himself calls him Lord; and whence is he then his son? And the common people heard him gladly.

 90: Mark 13:20 - And except that the Lord had shortened those days, no flesh should be saved: but for the elect's sake, whom he has chosen, he has shortened the days.

 91: Mark 16:19 - So then after the Lord had spoken unto them, he was received up into heaven, and sat on the right hand of God.

 92: Mark 16:20 - And they went forth, and preached every where, the Lord working with them, and confirming the word with signs following. Amen.

 93: Luke 1:6 - And they were both righteous before God, walking in all the commandments and ordinances of the Lord blameless.

 94: Luke 1:9 - According to the custom of the priest's office, his lot was to burn incense when he went into the temple of the Lord.

 95: Luke 1:11 - And there appeared unto him an angel of the Lord standing on the right side of the altar of incense.

 96: Luke 1:15 - For he shall be great in the sight of the Lord, and shall drink neither wine nor strong drink; and he shall be filled with the Holy Spirit, even from his mother's womb.

 97: Luke 1:16 - And many of the children of Israel shall he turn to the Lord their God.

 98: Luke 1:17 - And he shall go before him in the spirit and power of Elijah, to turn the hearts of the fathers to the children, and the disobedient to the wisdom of the just; to make ready a people prepared for the Lord.

 99: Luke 1:25 - Thus has the Lord dealt with me in the days wherein he looked on me, to take away my reproach among men.

 100: Luke 1:28 - And the angel came in unto her, and said, Hail, you that are highly favoured, the Lord is with you: blessed are you among women.

 101: Luke 1:32 - He shall be great, and shall be called the Son of the Highest: and the Lord God shall give unto him the throne of his father David:

 102: Luke 1:38 - And Mary said, Behold the handmaid of the Lord; be it unto me according to your word. And the angel departed from her.

 103: Luke 1:43 - And whence is this to me, that the mother of my Lord should come to me?

 104: Luke 1:45 - And blessed is she that believed: for there shall be a performance of those things which were told her from the Lord.

 105: Luke 1:46 - And Mary said, My soul does magnify the Lord,

 106: Luke 1:58 - And her neighbours and her cousins heard how the Lord had showed great mercy upon her; and they rejoiced with her.

 107: Luke 1:66 - And all they that heard them laid them up in their hearts, saying, What manner of child shall this be! And the hand of the Lord was with him.

 108: Luke 1:68 - Blessed be the Lord God of Israel; for he has visited and redeemed his people,

 109: Luke 1:76 - And you, child, shall be called the prophet of the Highest: for you shall go before the face of the Lord to prepare his ways;

 110: Luke 2:9 - And, lo, the angel of the Lord came upon them, and the glory of the Lord shone round about them: and they were sore afraid.

 111: Luke 2:11 - For unto you is born this day in the city of David a Saviour, which is Christ the Lord.

 112: Luke 2:15 - And it came to pass, as the angels were gone away from them into heaven, the shepherds said one to another, Let us now go even unto Bethlehem, and see this thing which has come to pass, which the Lord has made known unto us.

 113: Luke 2:22 - And when the days of her purification according to the law of Moses were accomplished, they brought him to Jerusalem, to present him to the Lord;

 114: Luke 2:23 - (As it is written in the law of the LORD, Every male that opens the womb shall be called holy to the Lord;)

 115: Luke 2:24 - And to offer a sacrifice according to that which is said in the law of the Lord, A pair of turtledoves, or two young pigeons.

 116: Luke 2:26 - And it was revealed unto him by the Holy Spirit, that he should not see death, before he had seen the Lord's Christ.

 117: Luke 2:29 - Lord, now let you your servant depart in peace, according to your word:

 118: Luke 2:38 - And she coming in that instant gave thanks likewise unto the Lord, and spoke of him to all them that looked for redemption in Jerusalem.

 119: Luke 2:39 - And when they had performed all things according to the law of the Lord, they returned into Galilee, to their own city Nazareth.

 120: Luke 3:4 - As it is written in the book of the words of Isaiah the prophet, saying, The voice of one crying in the wilderness, Prepare all of you the way of the Lord, make his paths straight.

 121: Luke 4:8 - And Jesus answered and said unto him, Get you behind me, Satan: for it is written, You shall worship the Lord your God, and him only shall you serve.

 122: Luke 4:12 - And Jesus answering said unto him, It is said, You shall not tempt the Lord your God.

 123: Luke 4:18 - The Spirit of the Lord is upon me, because he has anointed me to preach the gospel to the poor; he has sent me to heal the brokenhearted, to preach deliverance to the captives, and recovering of sight to the blind, to set at liberty them that are bruised,

 124: Luke 4:19 - To preach the acceptable year of the Lord.

 125: Luke 5:8 - When Simon Peter saw it, he fell down at Jesus' knees, saying, Depart from me; for I am a sinful man, O Lord.

 126: Luke 5:12 - And it came to pass, when he was in a certain city, behold a man full of leprosy: who seeing Jesus fell on his face, and besought him, saying, Lord, if you will, you can make me clean.

 127: Luke 5:17 - And it came to pass on a certain day, as he was teaching, that there were Pharisees and doctors of the law sitting by, which were come out of every town of Galilee, and Judaea, and Jerusalem: and the power of the Lord was present to heal them.

 128: Luke 6:5 - And he said unto them, That the Son of man is Lord also of the sabbath.

 129: Luke 6:46 - And why call all of you me, Lord, Lord, and do not the things which I say?

 130: Luke 7:6 - Then Jesus went with them. And when he was now not far from the house, the centurion sent friends to him, saying unto him, Lord, trouble not yourself: for I am not worthy that you should enter under my roof:

 131: Luke 7:13 - And when the Lord saw her, he had compassion on her, and said unto her, Weep not.

 132: Luke 7:31 - And the Lord said, Unto which then shall I liken the men of this generation? and to what are they like?

 133: Luke 9:54 - And when his disciples James and John saw this, they said, Lord, will you that we command fire to come down from heaven, and consume them, even as Elijah did?

 134: Luke 9:57 - And it came to pass, that, as they went in the way, a certain man said unto him, Lord, I will follow you anywhere you go.

 135: Luke 9:59 - And he said unto another, Follow me. But he said, Lord, suffer me first to go and bury my father.

 136: Luke 9:61 - And another also said, Lord, I will follow you; but let me first go bid them farewell, which are at home at my house.

 137: Luke 10:1 - After these things the LORD appointed other seventy also, and sent them two and two before his face into every city and place, where he himself would come.

 138: Luke 10:2 - Therefore said he unto them, The harvest truly is great, but the labourers are few: pray all of you therefore the Lord of the harvest, that he would send forth labourers into his harvest.

 139: Luke 10:17 - And the seventy returned again with joy, saying, Lord, even the devils are subject unto us through your name.

 140: Luke 10:21 - In that hour Jesus rejoiced in spirit, and said, I thank you, O Father, Lord of heaven and earth, that you have hid these things from the wise and prudent, and have revealed them unto babes: even so, Father; for so it seemed good in your sight.

 141: Luke 10:27 - And he answering said, You shall love the Lord your God with all your heart, and with all your soul, and with all your strength, and with all your mind; and your neighbour as yourself.

 142: Luke 10:40 - But Martha was cumbered about much serving, and came to him, and said, Lord, do you not care that my sister has left me to serve alone? bid her therefore that she help me.

 143: Luke 11:1 - And it came to pass, that, as he was praying in a certain place, when he ceased, one of his disciples said unto him, Lord, teach us to pray, as John also taught his disciples.

 144: Luke 11:39 - And the Lord said unto him, Now do all of you Pharisees make clean the outside of the cup and the platter; but your inward part is full of ravening and wickedness.

 145: Luke 12:36 - And all of you yourselves like unto men that wait for their lord, when he will return from the wedding; that when he comes and knocks, they may open unto him immediately.

 146: Luke 12:37 - Blessed are those servants, whom the lord when he comes shall find watching: verily I say unto you, that he shall gird himself, and make them to sit down to food, and will come forth and serve them.

 147: Luke 12:41 - Then Peter said unto him, Lord, speak you this parable unto us, or even to all?

 148: Luke 12:42 - And the Lord said, Who then is that faithful and wise steward, whom his lord shall make ruler over his household, to give them their portion of food in due season?

 149: Luke 12:43 - Blessed is that servant, whom his lord when he comes shall find so doing.

 150: Luke 12:45 - But and if that servant say in his heart, My lord delays his coming; and shall begin to beat the male servants and maidens, and to eat and drink, and to be drunken;

 151: Luke 12:46 - The lord of that servant will come in a day when he looks not for him, and at an hour when he is not aware, and will cut him in two, and will appoint him his portion with the unbelievers.

 152: Luke 12:47 - And that servant, which knew his lord's will, and prepared not himself, neither did according to his will, shall be beaten with many stripes.

 153: Luke 13:8 - And he answering said unto him, Lord, let it alone this year also, till I shall dig about it, and dung it:

 154: Luke 13:15 - The Lord then answered him, and said, You hypocrite, does not each one of you on the sabbath loose his ox or his ass from the stall, and lead him away to watering?

 155: Luke 13:23 - Then said one unto him, Lord, are there few that be saved? And he said unto them,

 156: Luke 13:25 - When once the master of the house has risen up, and has shut to the door, and all of you begin to stand without, and to knock at the door, saying, Lord, Lord, open unto us; and he shall answer and say unto you, I know you not whence all of you are:

 157: Luke 13:35 - Behold, your house is left unto you desolate: and verily I say unto you, All of you shall not see me, until the time come when all of you shall say, Blessed is he that comes in the name of the Lord.

 158: Luke 14:21 - So that servant came, and showed his lord these things. Then the master of the house being angry said to his servant, Go out quickly into the streets and lanes of the city, and bring in here the poor, and the physically disabled, and the halt, and the blind.

 159: Luke 14:22 - And the servant said, Lord, it is done as you have commanded, and yet there is room.

 160: Luke 14:23 - And the lord said unto the servant, Go out into the highways and hedges, and compel them to come in, that my house may be filled.

 161: Luke 16:3 - Then the steward said within himself, What shall I do? for my lord takes away from me the stewardship: I cannot dig; to beg I am ashamed.

 162: Luke 16:5 - So he called every one of his lord's debtors unto him, and said unto the first, How much owe you unto my lord?

 163: Luke 16:8 - And the lord commended the unjust steward, because he had done wisely: for the children of this world are in their generation wiser than the children of light.

 164: Luke 17:5 - And the apostles said unto the Lord, Increase our faith.

 165: Luke 17:6 - And the Lord said, If all of you had faith as a grain of mustard seed, all of you might say unto this sycamine tree, Be you plucked up by the root, and be you planted in the sea; and it should obey you.

 166: Luke 17:37 - And they answered and said unto him, Where, Lord? And he said unto them, Where ever the body is, thither will the eagles be gathered together.

 167: Luke 18:6 - And the Lord said, Hear what the unjust judge says.

 168: Luke 18:41 - Saying, What will you that I shall do unto you? And he said, Lord, that I may receive my sight.

 169: Luke 19:8 - And Zacchaeus stood, and said unto the Lord: Behold, Lord, the half of my goods I give to the poor; and if I have taken any thing from any man by false accusation, I restore him fourfold.

 170: Luke 19:16 - Then came the first, saying, Lord, your pound has gained ten pounds.

 171: Luke 19:18 - And the second came, saying, Lord, your pound has gained five pounds.

 172: Luke 19:20 - And another came, saying, Lord, behold, here is your pound, which I have kept laid up in a cloth:

 173: Luke 19:25 - (And they said unto him, Lord, he has ten pounds.)

 174: Luke 19:31 - And if any man ask you, Why do all of you loose him? thus shall all of you say unto him, Because the Lord has need of him.

 175: Luke 19:34 - And they said, The Lord has need of him.

 176: Luke 19:38 - Saying, Blessed be the King that comes in the name of the Lord: peace in heaven, and glory in the highest.

 177: Luke 20:13 - Then said the lord of the vineyard, What shall I do? I will send my beloved son: it may be they will reverence him when they see him.

 178: Luke 20:15 - So they cast him out of the vineyard, and killed him. What therefore shall the lord of the vineyard do unto them?

 179: Luke 20:37 - Now that the dead are raised, even Moses showed at the bush, when he calls the Lord the God of Abraham, and the God of Isaac, and the God of Jacob.

 180: Luke 20:42 - And David himself says in the book of Psalms, The LORD said unto my Lord, Sit you on my right hand,

 181: Luke 20:44 - David therefore calls him Lord, how is he then his son?

 182: Luke 22:25 - And he said unto them, The kings of the Gentiles exercise lordship over them; and they that exercise authority upon them are called benefactors.

 183: Luke 22:31 - And the Lord said, Simon, Simon, behold, Satan has desired to have you, that he may sift you as wheat:

 184: Luke 22:33 - And he said unto him, Lord, I am ready to go with you, both into prison, and to death.

 185: Luke 22:38 - And they said, Lord, behold, here are two swords. And he said unto them, It is enough.

 186: Luke 22:49 - When they which were about him saw what would follow, they said unto him, Lord, shall we strike with the sword?

 187: Luke 22:61 - And the Lord turned, and looked upon Peter. And Peter remembered the word of the Lord, how he had said unto him, Before the cock crow, you shall deny me three times.

 188: Luke 23:42 - And he said unto Jesus, Lord, remember me when you come into your kingdom.

 189: Luke 24:3 - And they entered in, and found not the body of the Lord Jesus.

 190: Luke 24:34 - Saying, The Lord has risen indeed, and has appeared to Simon.



~~~ The End ~~~
